
-------  ROUTE GENERATION --------------------
Generating all routes with at most 4 clients, and length not larger than 9999

Route 0: depot = 5 clients = 0 		 cost = 4.0
Route 1: depot = 5 clients = 1 		 cost = 2.0
Route 2: depot = 5 clients = 2 		 cost = 2.0
Route 3: depot = 5 clients = 3 		 cost = 6.32
Route 4: depot = 5 clients = 4 		 cost = 7.21
Route 5: depot = 6 clients = 0 		 cost = 11.66
Route 6: depot = 6 clients = 1 		 cost = 10.0
Route 7: depot = 6 clients = 2 		 cost = 7.21
Route 8: depot = 6 clients = 3 		 cost = 4.0
Route 9: depot = 6 clients = 4 		 cost = 2.0
Route 10: depot = 7 clients = 0 		 cost = 12.65
Route 11: depot = 7 clients = 1 		 cost = 12.17
Route 12: depot = 7 clients = 2 		 cost = 12.17
Route 13: depot = 7 clients = 3 		 cost = 11.66
Route 14: depot = 7 clients = 4 		 cost = 10.0
Route 15: depot = 5 clients = 0 1 	 cost = 4.0
Route 16: depot = 5 clients = 0 2 	 cost = 6.0
Route 17: depot = 5 clients = 0 3 	 cost = 10.26
Route 18: depot = 5 clients = 0 4 	 cost = 10.99
Route 19: depot = 5 clients = 1 2 	 cost = 4.0
Route 20: depot = 5 clients = 1 3 	 cost = 8.29
Route 21: depot = 5 clients = 1 4 	 cost = 9.08
Route 22: depot = 5 clients = 2 3 	 cost = 6.4
Route 23: depot = 5 clients = 2 4 	 cost = 7.43
Route 24: depot = 5 clients = 3 4 	 cost = 7.77
Route 25: depot = 6 clients = 0 1 	 cost = 11.83
Route 26: depot = 6 clients = 0 2 	 cost = 12.44
Route 27: depot = 6 clients = 0 3 	 cost = 12.93
Route 28: depot = 6 clients = 0 4 	 cost = 12.22
Route 29: depot = 6 clients = 1 2 	 cost = 10.61
Route 30: depot = 6 clients = 1 3 	 cost = 11.12
Route 31: depot = 6 clients = 1 4 	 cost = 10.47
Route 32: depot = 6 clients = 2 3 	 cost = 7.84
Route 33: depot = 6 clients = 2 4 	 cost = 7.43
Route 34: depot = 6 clients = 3 4 	 cost = 4.0
Route 35: depot = 7 clients = 0 1 	 cost = 13.41
Route 36: depot = 7 clients = 0 2 	 cost = 15.41
Route 37: depot = 7 clients = 0 3 	 cost = 17.25
Route 38: depot = 7 clients = 0 4 	 cost = 16.71
Route 39: depot = 7 clients = 1 2 	 cost = 14.17
Route 40: depot = 7 clients = 1 3 	 cost = 16.04
Route 41: depot = 7 clients = 1 4 	 cost = 15.55
Route 42: depot = 7 clients = 2 3 	 cost = 14.15
Route 43: depot = 7 clients = 2 4 	 cost = 13.91
Route 44: depot = 7 clients = 3 4 	 cost = 11.83
Route 45: depot = 5 clients = 0 1 2 	 cost = 6.0
Route 46: depot = 5 clients = 0 1 3 	 cost = 10.26
Route 47: depot = 5 clients = 0 1 4 	 cost = 10.99
Route 48: depot = 5 clients = 0 2 3 	 cost = 10.34
Route 49: depot = 5 clients = 0 2 4 	 cost = 11.21
Route 50: depot = 5 clients = 0 3 4 	 cost = 11.55
Route 51: depot = 5 clients = 1 2 3 	 cost = 8.36
Route 52: depot = 5 clients = 1 2 4 	 cost = 9.3
Route 53: depot = 5 clients = 1 3 4 	 cost = 9.63
Route 54: depot = 5 clients = 2 3 4 	 cost = 7.84
Route 55: depot = 6 clients = 0 1 2 	 cost = 12.44
Route 56: depot = 6 clients = 0 1 3 	 cost = 12.95
Route 57: depot = 6 clients = 0 1 4 	 cost = 12.3
Route 58: depot = 6 clients = 0 2 3 	 cost = 13.07
Route 59: depot = 6 clients = 0 2 4 	 cost = 12.66
Route 60: depot = 6 clients = 0 3 4 	 cost = 12.93
Route 61: depot = 6 clients = 1 2 3 	 cost = 11.24
Route 62: depot = 6 clients = 1 2 4 	 cost = 10.83
Route 63: depot = 6 clients = 1 3 4 	 cost = 11.12
Route 64: depot = 6 clients = 2 3 4 	 cost = 7.84
Route 65: depot = 7 clients = 0 1 2 	 cost = 15.41
Route 66: depot = 7 clients = 0 1 3 	 cost = 17.28
Route 67: depot = 7 clients = 0 1 4 	 cost = 16.8
Route 68: depot = 7 clients = 0 2 3 	 cost = 17.39
Route 69: depot = 7 clients = 0 2 4 	 cost = 17.15
Route 70: depot = 7 clients = 0 3 4 	 cost = 17.42
Route 71: depot = 7 clients = 1 2 3 	 cost = 16.15
Route 72: depot = 7 clients = 1 2 4 	 cost = 15.91
Route 73: depot = 7 clients = 1 3 4 	 cost = 16.21
Route 74: depot = 7 clients = 2 3 4 	 cost = 14.32
Route 75: depot = 5 clients = 0 1 2 3 	 cost = 10.34
Route 76: depot = 5 clients = 0 1 2 4 	 cost = 11.21
Route 77: depot = 5 clients = 0 1 3 4 	 cost = 11.55
Route 78: depot = 5 clients = 0 2 3 4 	 cost = 11.62
Route 79: depot = 5 clients = 1 2 3 4 	 cost = 9.71
Route 80: depot = 6 clients = 0 1 2 3 	 cost = 13.07
Route 81: depot = 6 clients = 0 1 2 4 	 cost = 12.66
Route 82: depot = 6 clients = 0 1 3 4 	 cost = 12.95
Route 83: depot = 6 clients = 0 2 3 4 	 cost = 13.07
Route 84: depot = 6 clients = 1 2 3 4 	 cost = 11.24
Route 85: depot = 7 clients = 0 1 2 3 	 cost = 17.39
Route 86: depot = 7 clients = 0 1 2 4 	 cost = 17.15
Route 87: depot = 7 clients = 0 1 3 4 	 cost = 17.45
Route 88: depot = 7 clients = 0 2 3 4 	 cost = 17.56
Route 89: depot = 7 clients = 1 2 3 4 	 cost = 16.32
------- END OF ROUTE GENERATION --------------------

Tried aggregator 2 times.
MIP Presolve eliminated 2338 rows and 676 columns.
MIP Presolve modified 855 coefficients.
Aggregator did 3 substitutions.
Reduced MIP has 1008 rows, 987 columns, and 5047 nonzeros.
Reduced MIP has 282 binaries, 0 generals, 0 SOSs, and 0 indicators.
Presolve time = 0.02 sec. (5.33 ticks)
Found incumbent of value 481.840000 after 0.05 sec. (8.10 ticks)
Probing time = 0.00 sec. (3.79 ticks)
Tried aggregator 1 time.
Reduced MIP has 1008 rows, 987 columns, and 5047 nonzeros.
Reduced MIP has 282 binaries, 0 generals, 0 SOSs, and 0 indicators.
Presolve time = 0.02 sec. (2.73 ticks)
Probing time = 0.00 sec. (3.79 ticks)
Clique table members: 108.
MIP emphasis: balance optimality and feasibility.
MIP search method: dynamic search.
Parallel mode: deterministic, using up to 4 threads.
Root relaxation solution time = 0.02 sec. (18.49 ticks)

        Nodes                                         Cuts/
   Node  Left     Objective  IInf  Best Integer    Best Bound    ItCnt     Gap

*     0+    0                          481.8400        0.0000      720  100.00%
*     0+    0                          471.2500        0.0000      720  100.00%
      0     0      121.5625    24      471.2500      121.5625      720   74.20%
      0     0      149.0178    22      471.2500      Cuts: 18     1088   68.38%
*     0+    0                          365.5500      149.0178     1088   59.23%
*     0+    0                          159.6200      149.0178     1276    6.64%
      0     0      151.7271    19      159.6200      Cuts: 36     1276    4.94%
      0     0      151.9822    24      159.6200      Cuts: 44     1359    4.78%
      0     0      152.0280    20      159.6200      Cuts: 30     1418    4.76%
*     0+    0                          158.0800      152.0280     1492    3.83%
      0     0      152.2997    28      158.0800      Cuts: 23     1492    2.13%
      0     0      153.1777    25      158.0800      Cuts: 50     1692    2.13%
      0     0        cutoff            158.0800      158.0800     1809    0.00%
Elapsed time = 0.77 sec. (378.64 ticks, tree = 0.00 MB, solutions = 5)

Cover cuts applied:  8
Implied bound cuts applied:  16
Flow cuts applied:  27
Mixed integer rounding cuts applied:  40
Zero-half cuts applied:  10
Multi commodity flow cuts applied:  3
Gomory fractional cuts applied:  1

Root node processing (before b&c):
  Real time             =    0.77 sec. (378.74 ticks)
Parallel b&c, 4 threads:
  Real time             =    0.00 sec. (0.00 ticks)
  Sync time (average)   =    0.00 sec.
  Wait time (average)   =    0.00 sec.
                          ------------
Total (root+branch&cut) =    0.77 sec. (378.74 ticks)


======== RESULTS  =================

Status of solver :   Optimal
Objective function :   158.07999999999998
Time to solve the instance: 1029 milliseconds
================================

----DEPOTS ----------------------  
Open depots: 	1 	  Depots not selected: 	0 	  2 	  
------ QUANTITY DELIVERED TO DEPOTS ---------
Period 0:    -- 	19.0	 -- 	
Period 1:    -- 	20.0	 -- 	
Period 2:    -- 	11.0	 -- 	
------ QUANTITY DELIVERED FROM DEPOTS to CLIENTS ---------
Period 0:   
Depot 1: 	  0.0	1.0	2.0	8.0	8.0	

Period 1:   
Depot 1: 	  4.0	6.0	8.0	0.0	2.0	

Period 2:   
Depot 1: 	  0.0	0.0	0.0	5.0	6.0	

------ INVENTORY AT DEPOTS ---------
Initial inventory :    -- 	0.0	 -- 	
Period 0:    -- 	0.0	 -- 	
Period 1:    -- 	0.0	 -- 	
Period 2:    -- 	0.0	 -- 	
------ INVENTORY AT CLIENTS ---------
Initial inventory :2.0	2.0	2.0	2.0	2.0	
Period 0:   0.0	0.0	0.0	5.0	4.0	
Period 1:   2.0	3.0	4.0	0.0	0.0	
Period 2:   0.0	0.0	0.0	0.0	0.0	
------  LIST OF ROUTES ---------
Period 0:   
 route 84 visiting clients : 	1 	 2 	 3 	 4 	  (cost = 11.24) 	
Period 1:   
 route 81 visiting clients : 	0 	 1 	 2 	 4 	  (cost = 12.66) 	
Period 2:   
 route 34 visiting clients : 	3 	 4 	  (cost = 4.0) 	
----  DETAILED DELIVERIES AT CLIENTS -------------------------
 Client 0: 	
Period 0: 
Period 1:  route 81/ quantity = 4.0	
Period 2: 

 Client 1: 	
Period 0:  route 84/ quantity = 1.0	
Period 1:  route 81/ quantity = 6.0	
Period 2: 

 Client 2: 	
Period 0:  route 84/ quantity = 2.0	
Period 1:  route 81/ quantity = 8.0	
Period 2: 

 Client 3: 	
Period 0:  route 84/ quantity = 8.0	
Period 1: 
Period 2:  route 34/ quantity = 5.0	

 Client 4: 	
Period 0:  route 84/ quantity = 8.0	
Period 1:  route 81/ quantity = 2.0	
Period 2:  route 34/ quantity = 6.0	

----------- RECALCULATION OF THE OBJECTIVE FUNCTION  ----- 
Fixed cost of opening depots: 100.0
Cost of delivering depots: 30.0
Cost of routes: 27.9
Inventory cost at depots: 0.0
Inventory cost at clients: 0.18000000000000002
Objective function recalculated: 158.08
